# JRE version: Java(TM) SE Runtime Environment (17.0.12+8) (build 17.0.12+8-LTS-286)
# Java VM: Java HotSpot(TM) 64-Bit Server VM (17.0.12+8-LTS-286, mixed mode, sharing, tiered, compressed oops, compressed class ptrs, g1 gc, windows-amd64)
GC Precious Log:
 CPUs: 8 total, 8 available
 Memory: 7959M
 Large Page Support: Disabled
 NUMA Support: Disabled
 Compressed Oops: Enabled (32-bit)
 Heap Region Size: 1M
 Heap Min Capacity: 256M
 Heap Initial Capacity: 256M
 Heap Max Capacity: 512M
 Pre-touch: Disabled
 Parallel Workers: 8
 Concurrent Workers: 2
 Concurrent Refinement Workers: 8
 Periodic GC: Disabled
Heap:
 garbage-first heap   total 262144K, used 95287K [0x00000000e0000000, 0x0000000100000000)
  region size 1024K, 54 young (55296K), 20 survivors (20480K)
 Metaspace       used 63870K, committed 64448K, reserved 393216K
  class space    used 8844K, committed 9088K, reserved 327680K
GC Heap History (20 events):
Event: 0.420 GC heap before
{Heap before GC invocations=0 (full 0):
 garbage-first heap   total 262144K, used 22528K [0x00000000e0000000, 0x0000000100000000)
  region size 1024K, 23 young (23552K), 0 survivors (0K)
 Metaspace       used 968K, committed 1088K, reserved 393216K
  class space    used 71K, committed 128K, reserved 327680K
}
Event: 0.423 GC heap after
{Heap after GC invocations=1 (full 0):
 garbage-first heap   total 262144K, used 1839K [0x00000000e0000000, 0x0000000100000000)
  region size 1024K, 2 young (2048K), 2 survivors (2048K)
 Metaspace       used 968K, committed 1088K, reserved 393216K
  class space    used 71K, committed 128K, reserved 327680K
}
Event: 1.280 GC heap before
{Heap before GC invocations=1 (full 0):
 garbage-first heap   total 262144K, used 38703K [0x00000000e0000000, 0x0000000100000000)
  region size 1024K, 36 young (36864K), 2 survivors (2048K)
 Metaspace       used 4369K, committed 4544K, reserved 393216K
  class space    used 550K, committed 640K, reserved 327680K
}
Event: 1.284 GC heap after
{Heap after GC invocations=2 (full 0):
 garbage-first heap   total 262144K, used 10838K [0x00000000e0000000, 0x0000000100000000)
  region size 1024K, 5 young (5120K), 5 survivors (5120K)
 Metaspace       used 4369K, committed 4544K, reserved 393216K
  class space    used 550K, committed 640K, reserved 327680K
}
Event: 2.313 GC heap before
{Heap before GC invocations=2 (full 0):
 garbage-first heap   total 262144K, used 71254K [0x00000000e0000000, 0x0000000100000000)
  region size 1024K, 62 young (63488K), 5 survivors (5120K)
 Metaspace       used 6311K, committed 6528K, reserved 393216K
  class space    used 841K, committed 960K, reserved 327680K
}
Event: 2.320 GC heap after
{Heap after GC invocations=3 (full 0):
 garbage-first heap   total 262144K, used 17850K [0x00000000e0000000, 0x0000000100000000)
  region size 1024K, 6 young (6144K), 6 survivors (6144K)
 Metaspace       used 6311K, committed 6528K, reserved 393216K
  class space    used 841K, committed 960K, reserved 327680K
}
Event: 5.272 GC heap before
{Heap before GC invocations=3 (full 0):
 garbage-first heap   total 262144K, used 118202K [0x00000000e0000000, 0x0000000100000000)
  region size 1024K, 105 young (107520K), 6 survivors (6144K)
 Metaspace       used 21136K, committed 21504K, reserved 393216K
  class space    used 3069K, committed 3264K, reserved 327680K
}
Event: 5.282 GC heap after
{Heap after GC invocations=4 (full 0):
 garbage-first heap   total 262144K, used 23862K [0x00000000e0000000, 0x0000000100000000)
  region size 1024K, 12 young (12288K), 12 survivors (12288K)
 Metaspace       used 21136K, committed 21504K, reserved 393216K
  class space    used 3069K, committed 3264K, reserved 327680K
}
Event: 8.794 GC heap before
{Heap before GC invocations=5 (full 0):
 garbage-first heap   total 262144K, used 143670K [0x00000000e0000000, 0x0000000100000000)
  region size 1024K, 131 young (134144K), 12 survivors (12288K)
 Metaspace       used 35558K, committed 35968K, reserved 393216K
  class space    used 5038K, committed 5248K, reserved 327680K
}
Event: 8.812 GC heap after
{Heap after GC invocations=6 (full 0):
 garbage-first heap   total 262144K, used 32375K [0x00000000e0000000, 0x0000000100000000)
  region size 1024K, 15 young (15360K), 15 survivors (15360K)
 Metaspace       used 35558K, committed 35968K, reserved 393216K
  class space    used 5038K, committed 5248K, reserved 327680K
}
Event: 8.846 GC heap before
{Heap before GC invocations=6 (full 0):
 garbage-first heap   total 262144K, used 33399K [0x00000000e0000000, 0x0000000100000000)
  region size 1024K, 16 young (16384K), 15 survivors (15360K)
 Metaspace       used 35704K, committed 36096K, reserved 393216K
  class space    used 5061K, committed 5248K, reserved 327680K
}
Event: 8.855 GC heap after
{Heap after GC invocations=7 (full 0):
 garbage-first heap   total 262144K, used 33066K [0x00000000e0000000, 0x0000000100000000)
  region size 1024K, 2 young (2048K), 2 survivors (2048K)
 Metaspace       used 35704K, committed 36096K, reserved 393216K
  class space    used 5061K, committed 5248K, reserved 327680K
}
Event: 8.915 GC heap before
{Heap before GC invocations=7 (full 0):
 garbage-first heap   total 262144K, used 35114K [0x00000000e0000000, 0x0000000100000000)
  region size 1024K, 5 young (5120K), 2 survivors (2048K)
 Metaspace       used 35910K, committed 36288K, reserved 393216K
  class space    used 5102K, committed 5312K, reserved 327680K
}
Event: 8.916 GC heap after
{Heap after GC invocations=8 (full 0):
 garbage-first heap   total 262144K, used 31561K [0x00000000e0000000, 0x0000000100000000)
  region size 1024K, 1 young (1024K), 1 survivors (1024K)
 Metaspace       used 35910K, committed 36288K, reserved 393216K
  class space    used 5102K, committed 5312K, reserved 327680K
}
Event: 12.603 GC heap before
{Heap before GC invocations=9 (full 0):
 garbage-first heap   total 262144K, used 193353K [0x00000000e0000000, 0x0000000100000000)
  region size 1024K, 153 young (156672K), 1 survivors (1024K)
 Metaspace       used 49961K, committed 50496K, reserved 393216K
  class space    used 7095K, committed 7360K, reserved 327680K
}
Event: 12.612 GC heap after
{Heap after GC invocations=10 (full 0):
 garbage-first heap   total 262144K, used 40301K [0x00000000e0000000, 0x0000000100000000)
  region size 1024K, 10 young (10240K), 10 survivors (10240K)
 Metaspace       used 49961K, committed 50496K, reserved 393216K
  class space    used 7095K, committed 7360K, reserved 327680K
}
Event: 16.389 GC heap before
{Heap before GC invocations=10 (full 0):
 garbage-first heap   total 262144K, used 186733K [0x00000000e0000000, 0x0000000100000000)
  region size 1024K, 153 young (156672K), 10 survivors (10240K)
 Metaspace       used 54728K, committed 55296K, reserved 393216K
  class space    used 7579K, committed 7808K, reserved 327680K
}
Event: 16.401 GC heap after
{Heap after GC invocations=11 (full 0):
 garbage-first heap   total 262144K, used 46530K [0x00000000e0000000, 0x0000000100000000)
  region size 1024K, 16 young (16384K), 16 survivors (16384K)
 Metaspace       used 54728K, committed 55296K, reserved 393216K
  class space    used 7579K, committed 7808K, reserved 327680K
}
Event: 18.671 GC heap before
{Heap before GC invocations=11 (full 0):
 garbage-first heap   total 262144K, used 152002K [0x00000000e0000000, 0x0000000100000000)
  region size 1024K, 121 young (123904K), 16 survivors (16384K)
 Metaspace       used 59991K, committed 60608K, reserved 393216K
  class space    used 8406K, committed 8640K, reserved 327680K
}
Event: 18.696 GC heap after
{Heap after GC invocations=12 (full 0):
 garbage-first heap   total 262144K, used 61495K [0x00000000e0000000, 0x0000000100000000)
  region size 1024K, 20 young (20480K), 20 survivors (20480K)
 Metaspace       used 59991K, committed 60608K, reserved 393216K
  class space    used 8406K, committed 8640K, reserved 327680K
}

